This is pdfTeX, Version 3.1415926-2.5-1.40.14 (TeX Live 2013) (format=latex 2013.11.29)  9 MAR 2018 09:22
entering extended mode
 restricted \write18 enabled.
 %&-line parsing enabled.
**JTH.tex
(./JTH.tex
LaTeX2e <2011/06/27>
Babel <3.9g> and hyphenation patterns for 78 languages loaded.

(/cea/dsku/u-basque/hal1/home/pmcdev/pmcdev/RedHat-6-x86_64/texlive/2013/texmf-
dist/tex/latex/revtex4/revtex4.cls
Document Class: revtex4 2001/08/02 v4.0 (http://publish.aps.org/revtex4/ for do
cumentation)
 Copyright (c) 2001 The American Physical Society.
 mailto:revtex@aps.org
 Licensed under the LPPL:
http://www.ctan.org/tex-archive/macros/latex/base/lppl.txt
 Arthur Ogawa <ogawa@teleport.com>
 Based on work by David Carlisle <david@dcarlisle.demon.co.uk>.
ltxutil: portions licensed from W. E. Baxter (web@superscript.com)
Class revtex4 Info: Repairing broken LateX \@sect on input line 596.
\intertabularlinepenalty=\count79
\@tbpen=\count80
\@arstrutbox@hline=\box26
Class revtex4 Info: Repairing broken LaTeX \@xbitor on input line 1610.
ltxgrid: portions licensed from W. E. Baxter (web@superscript.com)
\c@linecount=\count81
\output=\toks14
\@protection@box=\box27
\@topmark@saved=\toks15
\footins@saved=\box28
\pagesofar=\box29
\footbox=\box30
\pagegrid@col=\count82
Class revtex4 Info: Incorporating package {textcase}  [1998/11/12 v0.06 Text on
ly upper/lower case changing (DPC)]. on input line 3682.

(/cea/dsku/u-basque/hal1/home/pmcdev/pmcdev/RedHat-6-x86_64/texlive/2013/texmf-
dist/tex/latex/url/url.sty
\Urlmuskip=\muskip10
Package: url 2006/04/12  ver 3.3  Verb mode for urls, etc.
)
\c@affil=\count83
\absbox=\box31
\c@part=\count84
\c@section=\count85
\c@subsection=\count86
\c@subsubsection=\count87
\c@paragraph=\count88
\c@subparagraph=\count89
\abovecaptionskip=\skip41
\belowcaptionskip=\skip42
\c@figure=\count90
\c@table=\count91

(/cea/dsku/u-basque/hal1/home/pmcdev/pmcdev/RedHat-6-x86_64/texlive/2013/texmf-
dist/tex/latex/natbib/natbib.sty
Package: natbib 2010/09/13 8.31b (PWD, AO)
\bibhang=\skip43
\bibsep=\skip44
LaTeX Info: Redefining \cite on input line 694.
\c@NAT@ctr=\count92
)
\widetext@top=\box32
\widetext@bot=\box33

(/cea/dsku/u-basque/hal1/home/pmcdev/pmcdev/RedHat-6-x86_64/texlive/2013/texmf-
dist/tex/latex/revtex4/revsymb.sty
Package: revsymb 2001/08/02 v4.0 (http://publish.aps.org/revtex4/ for documenta
tion)
LaTeX Info: Redefining \REV@mathfrak on input line 118.
))

Class revtex4 Warning: No Society specified, using generic APS style.


(/cea/dsku/u-basque/hal1/home/pmcdev/pmcdev/RedHat-6-x86_64/texlive/2013/texmf-
dist/tex/latex/revtex4/aps.rtx
File: aps.rtx 2001/08/02 v4.0 (http://publish.aps.org/revtex4/ for documentatio
n)
)
(/cea/dsku/u-basque/hal1/home/pmcdev/pmcdev/RedHat-6-x86_64/texlive/2013/texmf-
dist/tex/latex/revtex4/10pt.rtx
File: 10pt.rtx 2001/08/02 v4.0 (http://publish.aps.org/revtex4/ for documentati
on)
)
(/cea/dsku/u-basque/hal1/home/pmcdev/pmcdev/RedHat-6-x86_64/texlive/2013/texmf-
dist/tex/latex/fancyhdr/fancyhdr.sty
\fancy@headwidth=\skip45
\f@ncyO@elh=\skip46
\f@ncyO@erh=\skip47
\f@ncyO@olh=\skip48
\f@ncyO@orh=\skip49
\f@ncyO@elf=\skip50
\f@ncyO@erf=\skip51
\f@ncyO@olf=\skip52
\f@ncyO@orf=\skip53
)
(/cea/dsku/u-basque/hal1/home/pmcdev/pmcdev/RedHat-6-x86_64/texlive/2013/texmf-
dist/tex/latex/graphics/lscape.sty
Package: lscape 2000/10/22 v3.01 Landscape Pages (DPC)

(/cea/dsku/u-basque/hal1/home/pmcdev/pmcdev/RedHat-6-x86_64/texlive/2013/texmf-
dist/tex/latex/graphics/graphics.sty
Package: graphics 2009/02/05 v1.0o Standard LaTeX Graphics (DPC,SPQR)

(/cea/dsku/u-basque/hal1/home/pmcdev/pmcdev/RedHat-6-x86_64/texlive/2013/texmf-
dist/tex/latex/graphics/trig.sty
Package: trig 1999/03/16 v1.09 sin cos tan (DPC)
)
(/cea/dsku/u-basque/hal1/home/pmcdev/pmcdev/RedHat-6-x86_64/texlive/2013/texmf-
dist/tex/latex/latexconfig/graphics.cfg
File: graphics.cfg 2010/04/23 v1.9 graphics configuration of TeX Live
)
Package graphics Info: Driver file: dvips.def on input line 91.

(/cea/dsku/u-basque/hal1/home/pmcdev/pmcdev/RedHat-6-x86_64/texlive/2013/texmf-
dist/tex/latex/graphics/dvips.def
File: dvips.def 1999/02/16 v3.0i Driver-dependant file (DPC,SPQR)
)))
(/cea/dsku/u-basque/hal1/home/pmcdev/pmcdev/RedHat-6-x86_64/texlive/2013/texmf-
dist/tex/latex/tools/longtable.sty
Package: longtable 2004/02/01 v4.11 Multi-page Table package (DPC)
\LTleft=\skip54
\LTright=\skip55
\LTpre=\skip56
\LTpost=\skip57
\LTchunksize=\count93
\LTcapwidth=\dimen102
\LT@head=\box34
\LT@firsthead=\box35
\LT@foot=\box36
\LT@lastfoot=\box37
\LT@cols=\count94
\LT@rows=\count95
\c@LT@tables=\count96
\c@LT@chunks=\count97
\LT@p@ftn=\toks16
)
(/cea/dsku/u-basque/hal1/home/pmcdev/pmcdev/RedHat-6-x86_64/texlive/2013/texmf-
dist/tex/latex/amsmath/amsmath.sty
Package: amsmath 2013/01/14 v2.14 AMS math features
\@mathmargin=\skip58

For additional information on amsmath, use the `?' option.

(/cea/dsku/u-basque/hal1/home/pmcdev/pmcdev/RedHat-6-x86_64/texlive/2013/texmf-
dist/tex/latex/amsmath/amstext.sty
Package: amstext 2000/06/29 v2.01

(/cea/dsku/u-basque/hal1/home/pmcdev/pmcdev/RedHat-6-x86_64/texlive/2013/texmf-
dist/tex/latex/amsmath/amsgen.sty
File: amsgen.sty 1999/11/30 v2.0
\@emptytoks=\toks17
\ex@=\dimen103
))
(/cea/dsku/u-basque/hal1/home/pmcdev/pmcdev/RedHat-6-x86_64/texlive/2013/texmf-
dist/tex/latex/amsmath/amsbsy.sty
Package: amsbsy 1999/11/29 v1.2d
\pmbraise@=\dimen104
)
(/cea/dsku/u-basque/hal1/home/pmcdev/pmcdev/RedHat-6-x86_64/texlive/2013/texmf-
dist/tex/latex/amsmath/amsopn.sty
Package: amsopn 1999/12/14 v2.01 operator names
)
\inf@bad=\count98
LaTeX Info: Redefining \frac on input line 210.
\uproot@=\count99
\leftroot@=\count100
LaTeX Info: Redefining \overline on input line 306.
\classnum@=\count101
\DOTSCASE@=\count102
LaTeX Info: Redefining \ldots on input line 378.
LaTeX Info: Redefining \dots on input line 381.
LaTeX Info: Redefining \cdots on input line 466.
\Mathstrutbox@=\box38
\strutbox@=\box39
\big@size=\dimen105
LaTeX Font Info:    Redeclaring font encoding OML on input line 566.
LaTeX Font Info:    Redeclaring font encoding OMS on input line 567.
\macc@depth=\count103
\c@MaxMatrixCols=\count104
\dotsspace@=\muskip11
\c@parentequation=\count105
\dspbrk@lvl=\count106
\tag@help=\toks18
\row@=\count107
\column@=\count108
\maxfields@=\count109
\andhelp@=\toks19
\eqnshift@=\dimen106
\alignsep@=\dimen107
\tagshift@=\dimen108
\tagwidth@=\dimen109
\totwidth@=\dimen110
\lineht@=\dimen111
\@envbody=\toks20
\multlinegap=\skip59
\multlinetaggap=\skip60
\mathdisplay@stack=\toks21
LaTeX Info: Redefining \[ on input line 2665.
LaTeX Info: Redefining \] on input line 2666.
)
(/cea/dsku/u-basque/hal1/home/pmcdev/pmcdev/RedHat-6-x86_64/texlive/2013/texmf-
dist/tex/generic/babel/babel.sty
Package: babel 2013/10/10 3.9g The Babel package

(/cea/dsku/u-basque/hal1/home/pmcdev/pmcdev/RedHat-6-x86_64/texlive/2013/texmf-
dist/tex/generic/babel-english/english.ldf
Language: english 2012/08/20 v3.3p English support from the babel system

(/cea/dsku/u-basque/hal1/home/pmcdev/pmcdev/RedHat-6-x86_64/texlive/2013/texmf-
dist/tex/generic/babel/babel.def
File: babel.def 2013/10/10 3.9g Babel common definitions
\babel@savecnt=\count110
\U@D=\dimen112
)
\l@canadian = a dialect from \language\l@american 
\l@australian = a dialect from \language\l@british 
\l@newzealand = a dialect from \language\l@british 
))
(/cea/dsku/u-basque/hal1/home/pmcdev/pmcdev/RedHat-6-x86_64/texlive/2013/texmf-
dist/tex/latex/graphics/graphicx.sty
Package: graphicx 1999/02/16 v1.0f Enhanced LaTeX Graphics (DPC,SPQR)

(/cea/dsku/u-basque/hal1/home/pmcdev/pmcdev/RedHat-6-x86_64/texlive/2013/texmf-
dist/tex/latex/graphics/keyval.sty
Package: keyval 1999/03/16 v1.13 key=value parser (DPC)
\KV@toks@=\toks22
)
\Gin@req@height=\dimen113
\Gin@req@width=\dimen114
)
\@input{psfig.aux}
\openout2 = `psfig.aux'.

No file psfig.tex.

(/cea/dsku/u-basque/hal1/home/pmcdev/pmcdev/RedHat-6-x86_64/texlive/2013/texmf-
dist/tex/latex/float/float.sty
Package: float 2001/11/08 v1.3d Float enhancements (AL)
\c@float@type=\count111
\float@exts=\toks23
\float@box=\box40
\@float@everytoks=\toks24
\@floatcapt=\box41
)

Package Fancyhdr Warning: \fancyhead's `E' option without twoside option is use
less on input line 23.


Package Fancyhdr Warning: \fancyhead's `E' option without twoside option is use
less on input line 25.

(./JTH.aux

LaTeX Warning: Label `tab1' multiply defined.


LaTeX Warning: Label `tab2' multiply defined.


LaTeX Warning: Label `tab3' multiply defined.

)
\openout1 = `JTH.aux'.

LaTeX Font Info:    Checking defaults for OML/cmm/m/it on input line 52.
LaTeX Font Info:    ... okay on input line 52.
LaTeX Font Info:    Checking defaults for T1/cmr/m/n on input line 52.
LaTeX Font Info:    ... okay on input line 52.
LaTeX Font Info:    Checking defaults for OT1/cmr/m/n on input line 52.
LaTeX Font Info:    ... okay on input line 52.
LaTeX Font Info:    Checking defaults for OMS/cmsy/m/n on input line 52.
LaTeX Font Info:    ... okay on input line 52.
LaTeX Font Info:    Checking defaults for OMX/cmex/m/n on input line 52.
LaTeX Font Info:    ... okay on input line 52.
LaTeX Font Info:    Checking defaults for U/cmr/m/n on input line 52.
LaTeX Font Info:    ... okay on input line 52.
Class revtex4 Info: Patching LaTeX tabular. on input line 52.
Class revtex4 Info: Patching unrecognized longtable package. (Proceeding with f
ingers crossed) on input line 52.
Class revtex4 Info: cite was not loaded (OK!) on input line 52.
Class revtex4 Info: multicol was not loaded (OK!) on input line 52.

Underfull \hbox (badness 10000) in paragraph at lines 94--95

 []


Underfull \hbox (badness 10000) in paragraph at lines 96--98

 []

[1]
Underfull \hbox (badness 10000) in paragraph at lines 100--101

 []

[2] [3] [4]
Underfull \hbox (badness 10000) in paragraph at lines 271--275

 []

[5]
Overfull \hbox (27.75171pt too wide) in paragraph at lines 356--356
[]\OT1/cmtt/m/n/10 #n_high(10)= 18 n_high(12)= 17 n_high(15)= 14 n_high(17.5)= 
10 n_high(20)=  6 n_high(25)=  6[] 
 []


Underfull \hbox (badness 10000) in paragraph at lines 360--362

 []

[6]
Underfull \hbox (badness 10000) in paragraph at lines 397--398

 []


Underfull \hbox (badness 10000) in paragraph at lines 411--412

 []


Underfull \hbox (badness 10000) in paragraph at lines 425--426

 []

[7]
Underfull \hbox (badness 10000) in paragraph at lines 440--441

 []


Underfull \hbox (badness 10000) in paragraph at lines 458--459

 []


Underfull \hbox (badness 10000) in paragraph at lines 474--475

 []

[8]
Underfull \hbox (badness 10000) in paragraph at lines 516--522

 []


Underfull \hbox (badness 10000) in paragraph at lines 516--522

 []


Underfull \hbox (badness 10000) in paragraph at lines 516--522

 []


Underfull \hbox (badness 10000) in paragraph at lines 516--522

 []


Underfull \hbox (badness 10000) in paragraph at lines 516--522

 []

File: fig-fcc.eps Graphic file (type eps)
<fig-fcc.eps>
File: fig-bcc.eps Graphic file (type eps)
 <fig-bcc.eps> [9]
File: fig-rs.eps Graphic file (type eps)
 <fig-rs.eps>
File: fig-per.eps Graphic file (type eps)
 <fig-per.eps>
File: fig-hh.eps Graphic file (type eps)
 <fig-hh.eps>
[10]
File: fig-zb.eps Graphic file (type eps)
 <fig-zb.eps> [11]
Underfull \hbox (badness 10000) in paragraph at lines 580--581

 []


Overfull \hbox (25.56773pt too wide) in paragraph at lines 607--613
 []$[]$ 
 []

[12] (./JTH.bbl)

Class revtex4 Warning: Command \address is obsolete;
Use \affiliation instead.

[13] (./JTH.aux)

LaTeX Warning: There were multiply-defined labels.

 ) 
Here is how much of TeX's memory you used:
 3402 strings out of 493309
 44448 string characters out of 6116535
 136998 words of memory out of 5000000
 6844 multiletter control sequences out of 15000+600000
 8270 words of font info for 31 fonts, out of 8000000 for 9000
 957 hyphenation exceptions out of 8191
 28i,10n,43p,944b,367s stack positions out of 5000i,500n,10000p,200000b,80000s

Output written on JTH.dvi (13 pages, 29640 bytes).
